<?xml version="1.0" encoding="UTF-8"?>
<!-- Generated by org.testng.reporters.JUnitReportReporter -->
<testsuite hostname="LAPTOP-0UFO5ORC" name="sign_inPage.sign_in_page" tests="4" failures="0" timestamp="14 May 2020 23:16:15 GMT" time="90.899" errors="0">
  <testcase name="verify_logo" time="18.050" classname="sign_inPage.sign_in_page"/>
  <testcase name="verify_dealAdd" time="35.097" classname="sign_inPage.sign_in_page"/>
  <testcase name="verify_SignInLink" time="19.049" classname="sign_inPage.sign_in_page"/>
  <testcase name="verify_title" time="18.703" classname="sign_inPage.sign_in_page"/>
</testsuite> <!-- sign_inPage.sign_in_page -->
