<?xml version="1.0" encoding="UTF-8"?>
<!-- Generated by org.testng.reporters.JUnitReportReporter -->
<testsuite hostname="LAPTOP-0UFO5ORC" name="HomepageTest.NewTest" tests="1" failures="0" timestamp="19 May 2020 16:31:44 GMT" time="28.930" errors="0">
  <testcase name="f" time="28.930" classname="HomepageTest.NewTest"/>
</testsuite> <!-- HomepageTest.NewTest -->
