<?xml version="1.0" encoding="UTF-8"?>
<!-- Generated by org.testng.reporters.JUnitReportReporter -->
<testsuite hostname="LAPTOP-0UFO5ORC" name="sign_inPage.sign_in_page" tests="4" failures="0" timestamp="18 May 2020 17:41:51 GMT" time="88.524" errors="0">
  <testcase name="verify_title" time="26.481" classname="sign_inPage.sign_in_page"/>
  <testcase name="verify_logo" time="18.193" classname="sign_inPage.sign_in_page"/>
  <testcase name="verify_SignInLink" time="26.132" classname="sign_inPage.sign_in_page"/>
  <testcase name="verify_dealAdd" time="17.718" classname="sign_inPage.sign_in_page"/>
</testsuite> <!-- sign_inPage.sign_in_page -->
