<?xml version="1.0" encoding="UTF-8"?>
<!-- Generated by org.testng.reporters.JUnitReportReporter -->
<testsuite hostname="LAPTOP-0UFO5ORC" name="LoginpageTest.loginpage" tests="1" failures="0" timestamp="13 May 2020 15:51:01 GMT" time="36.559" errors="0">
  <testcase name="companyTab_contect_us" time="36.559" classname="LoginpageTest.loginpage"/>
</testsuite> <!-- LoginpageTest.loginpage -->
