<?xml version="1.0" encoding="UTF-8"?>
<!-- Generated by org.testng.reporters.JUnitReportReporter -->
<testsuite hostname="LAPTOP-0UFO5ORC" name="sign_inPage.sign_in_page" tests="1" failures="0" timestamp="20 May 2020 14:39:00 GMT" time="35.682" errors="0">
  <testcase name="verify_logo" time="35.682" classname="sign_inPage.sign_in_page"/>
</testsuite> <!-- sign_inPage.sign_in_page -->
