<?xml version="1.0" encoding="UTF-8"?>
<!-- Generated by org.testng.reporters.JUnitReportReporter -->
<testsuite hostname="LAPTOP-0UFO5ORC" name="LoginpageTest.loginpage" tests="2" failures="0" timestamp="18 May 2020 17:41:51 GMT" time="52.838" errors="0">
  <testcase name="title" time="23.702" classname="LoginpageTest.loginpage"/>
  <testcase name="verify_signin" time="29.136" classname="LoginpageTest.loginpage"/>
</testsuite> <!-- LoginpageTest.loginpage -->
