<?xml version="1.0" encoding="UTF-8"?>
<!-- Generated by org.testng.reporters.JUnitReportReporter -->
<testsuite hostname="LAPTOP-0UFO5ORC" name="HomepageTest.homepage" tests="1" failures="0" timestamp="19 May 2020 17:34:19 GMT" time="25.474" errors="0">
  <testcase name="verify_T_shirt_link" time="25.474" classname="HomepageTest.homepage"/>
</testsuite> <!-- HomepageTest.homepage -->
