<?xml version="1.0" encoding="UTF-8"?>
<!-- Generated by org.testng.reporters.JUnitReportReporter -->
<testsuite hostname="LAPTOP-0UFO5ORC" name="HomepageTest.homepage" tests="1" failures="0" timestamp="21 May 2020 12:51:18 GMT" time="36.850" errors="0">
  <testcase name="verift_searsh_box" time="36.850" classname="HomepageTest.homepage"/>
</testsuite> <!-- HomepageTest.homepage -->
